<?xml version="1.0" encoding="UTF-8"?>
<!-- Generated by org.testng.reporters.JUnitXMLReporter -->
<testsuite ignored="0" hostname="USER" failures="1" tests="1" name="Test" time="62.399" errors="0" timestamp="2023-03-04T15:13:20 IST">
  <testcase classname="campaign.CreateCampaignTest" name="CreateCampaignTest" time="18.027">
    <failure type="java.lang.AssertionError" message="expected [true] but found [false]">
      <![CDATA[java.lang.AssertionError: expected [true] but found [false]
at campaign.CreateCampaignTest.CreateCampaignTest(CreateCampaignTest.java:77)
at java.base/java.util.ArrayList.forEach(ArrayList.java:1511)
... Removed 33 stack frames]]>
    </failure>
  </testcase> <!-- CreateCampaignTest -->
</testsuite> <!-- Test -->
